<?xml version="1.0" encoding="UTF-8"?>
<testng-results skipped="0" failed="1" total="1" passed="0">
  <reporter-output>
    <line>
      <![CDATA[---------------Test Started<br>]]>
    </line>
    <line>
      <![CDATA[----------Test Started-------<br>]]>
    </line>
  </reporter-output>
  <suite name="SampleTest" duration-ms="172" started-at="2017-10-16T12:54:31Z" finished-at="2017-10-16T12:54:31Z">
    <groups>
    </groups>
    <test name="Test" duration-ms="172" started-at="2017-10-16T12:54:31Z" finished-at="2017-10-16T12:54:31Z">
      <class name="com.flipkart.tests.SampleTest">
        <test-method status="PASS" signature="setup()[pri:0, instance:com.flipkart.tests.SampleTest@369f73a2]" name="setup" is-config="true" duration-ms="10" started-at="2017-10-16T18:24:31Z" finished-at="2017-10-16T18:24:31Z">
          <reporter-output>
            <line>
              <![CDATA[---------------Test Started<br>]]>
            </line>
          </reporter-output>
        </test-method> <!-- setup -->
        <test-method status="FAIL" signature="searchResultValidation()[pri:0, instance:com.flipkart.tests.SampleTest@369f73a2]" name="searchResultValidation" duration-ms="152" started-at="2017-10-16T18:24:31Z" finished-at="2017-10-16T18:24:31Z">
          <exception class="java.lang.NoClassDefFoundError">
            <message>
              <![CDATA[org/slf4j/Logger]]>
            </message>
            <full-stacktrace>
              <![CDATA[java.lang.NoClassDefFoundError: org/slf4j/Logger
	at org.apache.logging.slf4j.SLF4JLoggerContext.getLogger(SLF4JLoggerContext.java:39)
	at org.apache.logging.log4j.jcl.LogAdapter.newLogger(LogAdapter.java:34)
	at org.apache.logging.log4j.jcl.LogAdapter.newLogger(LogAdapter.java:30)
	at org.apache.logging.log4j.spi.AbstractLoggerAdapter.getLogger(AbstractLoggerAdapter.java:52)
	at org.apache.logging.log4j.jcl.LogFactoryImpl.getInstance(LogFactoryImpl.java:40)
	at org.apache.logging.log4j.jcl.LogFactoryImpl.getInstance(LogFactoryImpl.java:55)
	at org.apache.commons.logging.LogFactory.getLog(LogFactory.java:655)
	at org.apache.http.conn.ssl.AbstractVerifier.<init>(AbstractVerifier.java:61)
	at org.apache.http.conn.ssl.AllowAllHostnameVerifier.<init>(AllowAllHostnameVerifier.java:44)
	at org.apache.http.conn.ssl.AllowAllHostnameVerifier.<clinit>(AllowAllHostnameVerifier.java:46)
	at org.apache.http.conn.ssl.SSLConnectionSocketFactory.<clinit>(SSLConnectionSocketFactory.java:146)
	at org.openqa.selenium.remote.internal.HttpClientFactory.getClientConnectionManager(HttpClientFactory.java:71)
	at org.openqa.selenium.remote.internal.HttpClientFactory.<init>(HttpClientFactory.java:57)
	at org.openqa.selenium.remote.internal.HttpClientFactory.<init>(HttpClientFactory.java:60)
	at org.openqa.selenium.remote.internal.ApacheHttpClient$Factory.getDefaultHttpClientFactory(ApacheHttpClient.java:247)
	at org.openqa.selenium.remote.internal.ApacheHttpClient$Factory.<init>(ApacheHttpClient.java:224)
	at org.openqa.selenium.remote.HttpCommandExecutor.getDefaultClientFactory(HttpCommandExecutor.java:93)
	at org.openqa.selenium.remote.HttpCommandExecutor.<init>(HttpCommandExecutor.java:72)
	at org.openqa.selenium.remote.service.DriverCommandExecutor.<init>(DriverCommandExecutor.java:62)
	at org.openqa.selenium.chrome.ChromeDriverCommandExecutor.<init>(ChromeDriverCommandExecutor.java:36)
	at org.openqa.selenium.chrome.ChromeDriver.<init>(ChromeDriver.java:178)
	at org.openqa.selenium.chrome.ChromeDriver.<init>(ChromeDriver.java:167)
	at org.openqa.selenium.chrome.ChromeDriver.<init>(ChromeDriver.java:124)
	at com.flipkart.webdriver.BaseTest.getWebDriver(BaseTest.java:37)
	at com.flipkart.tests.SampleTest.searchResultValidation(SampleTest.java:16)
	at sun.reflect.NativeMethodAccessorImpl.invoke0(Native Method)
	at sun.reflect.NativeMethodAccessorImpl.invoke(Unknown Source)
	at sun.reflect.DelegatingMethodAccessorImpl.invoke(Unknown Source)
	at java.lang.reflect.Method.invoke(Unknown Source)
	at org.testng.internal.MethodInvocationHelper.invokeMethod(MethodInvocationHelper.java:84)
	at org.testng.internal.Invoker.invokeMethod(Invoker.java:714)
	at org.testng.internal.Invoker.invokeTestMethod(Invoker.java:901)
	at org.testng.internal.Invoker.invokeTestMethods(Invoker.java:1231)
	at org.testng.internal.TestMethodWorker.invokeTestMethods(TestMethodWorker.java:127)
	at org.testng.internal.TestMethodWorker.run(TestMethodWorker.java:111)
	at org.testng.TestRunner.privateRun(TestRunner.java:767)
	at org.testng.TestRunner.run(TestRunner.java:617)
	at org.testng.SuiteRunner.runTest(SuiteRunner.java:348)
	at org.testng.SuiteRunner.runSequentially(SuiteRunner.java:343)
	at org.testng.SuiteRunner.privateRun(SuiteRunner.java:305)
	at org.testng.SuiteRunner.run(SuiteRunner.java:254)
	at org.testng.SuiteRunnerWorker.runSuite(SuiteRunnerWorker.java:52)
	at org.testng.SuiteRunnerWorker.run(SuiteRunnerWorker.java:86)
	at org.testng.TestNG.runSuitesSequentially(TestNG.java:1224)
	at org.testng.TestNG.runSuitesLocally(TestNG.java:1149)
	at org.testng.TestNG.run(TestNG.java:1057)
	at org.testng.remote.AbstractRemoteTestNG.run(AbstractRemoteTestNG.java:114)
	at org.testng.remote.RemoteTestNG.initAndRun(RemoteTestNG.java:251)
	at org.testng.remote.RemoteTestNG.main(RemoteTestNG.java:77)
Caused by: java.lang.ClassNotFoundException: org.slf4j.Logger
	at java.net.URLClassLoader.findClass(Unknown Source)
	at java.lang.ClassLoader.loadClass(Unknown Source)
	at sun.misc.Launcher$AppClassLoader.loadClass(Unknown Source)
	at java.lang.ClassLoader.loadClass(Unknown Source)
	... 49 more
]]>
            </full-stacktrace>
          </exception> <!-- java.lang.NoClassDefFoundError -->
          <reporter-output>
            <line>
              <![CDATA[----------Test Started-------<br>]]>
            </line>
          </reporter-output>
        </test-method> <!-- searchResultValidation -->
      </class> <!-- com.flipkart.tests.SampleTest -->
    </test> <!-- Test -->
  </suite> <!-- SampleTest -->
</testng-results>
